<?xml version="1.0" encoding="UTF-8"?>
<!-- Generated by org.testng.reporters.JUnitReportReporter -->
<testsuite hostname="DESKTOP-4334PHR" name="com.rameshsoft.sample.TestTwo" tests="1" failures="0" timestamp="3 Jan 2021 03:31:44 GMT" time="23.913" errors="0">
  <testcase name="demo" time="23.913" classname="com.rameshsoft.sample.TestTwo"/>
</testsuite> <!-- com.rameshsoft.sample.TestTwo -->
