<?xml version="1.0" encoding="UTF-8"?>
<!-- Generated by org.testng.reporters.JUnitReportReporter -->
<testsuite hostname="DESKTOP-4334PHR" name="com.rameshsoft.sample.TestOne" tests="1" failures="0" timestamp="3 Jan 2021 03:31:44 GMT" time="16.798" errors="0">
  <testcase name="test" time="16.798" classname="com.rameshsoft.sample.TestOne"/>
</testsuite> <!-- com.rameshsoft.sample.TestOne -->
